2023/05/02 14:21:43 [emerg] 1#1: host not found in upstream "php-fpm" in /etc/nginx/conf.d/default.conf:21
2023/05/02 14:23:45 [notice] 1#1: using the "epoll" event method
2023/05/02 14:23:45 [notice] 1#1: nginx/1.23.3
2023/05/02 14:23:45 [notice] 1#1: built by gcc 10.2.1 20210110 (Debian 10.2.1-6) 
2023/05/02 14:23:45 [notice] 1#1: OS: Linux 5.14.0-1059-oem
2023/05/02 14:23:45 [notice] 1#1: getrlimit(RLIMIT_NOFILE): 1048576:1048576
2023/05/02 14:23:45 [notice] 1#1: start worker processes
2023/05/02 14:23:45 [notice] 1#1: start worker process 28
2023/05/02 14:23:45 [notice] 1#1: start worker process 29
2023/05/02 14:23:45 [notice] 1#1: start worker process 30
2023/05/02 14:23:45 [notice] 1#1: start worker process 31
2023/05/02 14:23:45 [notice] 1#1: start worker process 32
2023/05/02 14:23:45 [notice] 1#1: start worker process 33
2023/05/02 14:23:45 [notice] 1#1: start worker process 34
2023/05/02 14:23:45 [notice] 1#1: start worker process 35
2023/05/02 14:23:45 [notice] 1#1: start worker process 36
2023/05/02 14:23:45 [notice] 1#1: start worker process 37
2023/05/02 14:23:45 [notice] 1#1: start worker process 38
2023/05/02 14:23:45 [notice] 1#1: start worker process 39
2023/05/02 14:23:58 [error] 29#29: *1 rewrite or internal redirection cycle while internally redirecting to "/index.php", client: 172.20.0.1, server: discover-georgia.ru, request: "GET /favicon.ico HTTP/1.1", host: "localhost:8080", referrer: "http://localhost:8080/"
2023/05/02 14:24:15 [error] 28#28: *2 rewrite or internal redirection cycle while internally redirecting to "/index.php", client: 172.20.0.1, server: discover-georgia.ru, request: "GET /favicon.ico HTTP/1.1", host: "localhost:8080", referrer: "http://localhost:8080/"
